[0.036s] Invoking command in '/home/shivam/arduinobot_ws/build/arduinobot_description': /usr/bin/cmake --build /home/shivam/arduinobot_ws/build/arduinobot_description -- -j12 -l12
[0.095s] -- Found ament_cmake: 1.3.8 (/opt/ros/humble/share/ament_cmake/cmake)
[0.540s] Traceback (most recent call last):
[0.540s]   File "/opt/ros/humble/share/ament_cmake_core/cmake/package_templates/templates_2_cmake.py", line 21, in <module>
[0.540s]     from ament_package.templates import get_environment_hook_template_path
[0.540s] ModuleNotFoundError: No module named 'ament_package'
[0.590s] [31mCMake Error at /opt/ros/humble/share/ament_cmake_core/cmake/ament_cmake_package_templates-extras.cmake:41 (message):
[0.590s]   execute_process(/usr/bin/python3
[0.591s]   /opt/ros/humble/share/ament_cmake_core/cmake/package_templates/templates_2_cmake.py
[0.591s]   /home/shivam/arduinobot_ws/build/arduinobot_description/ament_cmake_package_templates/templates.cmake)
[0.591s]   returned error code 1
[0.591s] Call Stack (most recent call first):
[0.591s]   /opt/ros/humble/share/ament_cmake_core/cmake/ament_cmake_coreConfig.cmake:41 (include)
[0.591s]   /opt/ros/humble/share/ament_cmake/cmake/ament_cmake_export_dependencies-extras.cmake:15 (find_package)
[0.591s]   /opt/ros/humble/share/ament_cmake/cmake/ament_cmakeConfig.cmake:41 (include)
[0.591s]   CMakeLists.txt:5 (find_package)
[0.591s] 
[0.591s] [0m
[0.591s] -- Configuring incomplete, errors occurred!
[0.591s] See also "/home/shivam/arduinobot_ws/build/arduinobot_description/CMakeFiles/CMakeOutput.log".
[0.603s] gmake: *** [Makefile:226: cmake_check_build_system] Error 1
[0.621s] Invoked command in '/home/shivam/arduinobot_ws/build/arduinobot_description' returned '2': /usr/bin/cmake --build /home/shivam/arduinobot_ws/build/arduinobot_description -- -j12 -l12
