[0.430s] Invoking command in '/home/shivam/arduinobot_ws/build/arduinobot_utils': AMENT_PREFIX_PATH=/home/shivam/arduinobot_ws/install/arduinobot_msgs:${AMENT_PREFIX_PATH} CMAKE_PREFIX_PATH=/home/shivam/arduinobot_ws/install/arduinobot_msgs:/opt/ros/humble LD_LIBRARY_PATH=/home/shivam/arduinobot_ws/install/arduinobot_msgs/lib:${LD_LIBRARY_PATH} PYTHONPATH=/home/shivam/arduinobot_ws/install/arduinobot_msgs/local/lib/python3.10/dist-packages:${PYTHONPATH} /usr/bin/cmake --build /home/shivam/arduinobot_ws/build/arduinobot_utils -- -j12 -l12
[0.489s] [  0%] Built target ament_cmake_python_copy_arduinobot_utils
[0.490s] [100%] Built target angle_conversion
[0.778s] Traceback (most recent call last):
[0.778s]   File "/usr/lib/python3/dist-packages/pkg_resources/__init__.py", line 2866, in get_entry_map
[0.781s]     ep_map = self._ep_map
[0.782s]   File "/usr/lib/python3/dist-packages/pkg_resources/__init__.py", line 2828, in __getattr__
[0.783s]     raise AttributeError(attr)
[0.783s] AttributeError: _ep_map. Did you mean: '_dep_map'?
[0.783s] 
[0.784s] During handling of the above exception, another exception occurred:
[0.784s] 
[0.785s] Traceback (most recent call last):
[0.785s]   File "/home/shivam/arduinobot_ws/build/arduinobot_utils/ament_cmake_python/arduinobot_utils/setup.py", line 4, in <module>
[0.785s]     setup(
[0.785s]   File "/usr/lib/python3/dist-packages/setuptools/__init__.py", line 152, in setup
[0.785s]     _install_setup_requires(attrs)
[0.785s]   File "/usr/lib/python3/dist-packages/setuptools/__init__.py", line 142, in _install_setup_requires
[0.785s]     dist = MinimalDistribution(attrs)
[0.785s]   File "/usr/lib/python3/dist-packages/setuptools/__init__.py", line 134, in __init__
[0.785s]     distutils.core.Distribution.__init__(self, filtered)
[0.785s]   File "/usr/lib/python3/dist-packages/setuptools/dist.py", line 457, in __init__
[0.785s]     for ep in pkg_resources.iter_entry_points('distutils.setup_keywords'):
[0.786s]   File "/usr/lib/python3/dist-packages/pkg_resources/__init__.py", line 646, in <genexpr>
[0.786s]     for entry in dist.get_entry_map(group).values()
[0.786s]   File "/usr/lib/python3/dist-packages/pkg_resources/__init__.py", line 2868, in get_entry_map
[0.786s]     ep_map = self._ep_map = EntryPoint.parse_map(
[0.786s]   File "/usr/lib/python3/dist-packages/pkg_resources/__init__.py", line 2549, in parse_map
[0.786s]     for group, lines in data:
[0.786s]   File "/usr/lib/python3/dist-packages/pkg_resources/__init__.py", line 3205, in split_sections
[0.787s]     for line in yield_lines(s):
[0.787s]   File "/usr/lib/python3/dist-packages/pkg_resources/__init__.py", line 2779, in _get_metadata
[0.787s]     if self.has_metadata(name):
[0.787s]   File "/usr/lib/python3/dist-packages/pkg_resources/__init__.py", line 1401, in has_metadata
[0.787s]     def has_metadata(self, name):
[0.787s] KeyboardInterrupt
[0.818s] gmake[2]: *** [CMakeFiles/ament_cmake_python_build_arduinobot_utils_egg.dir/build.make:70: CMakeFiles/ament_cmake_python_build_arduinobot_utils_egg] Interrupt
[0.819s] gmake[1]: *** [CMakeFiles/Makefile2:192: CMakeFiles/ament_cmake_python_build_arduinobot_utils_egg.dir/all] Interrupt
[0.819s] gmake: *** [Makefile:146: all] Interrupt
