[0.039s] Invoking command in '/home/shivam/arduinobot_ws/build/arduinobot_controller': /usr/bin/cmake --build /home/shivam/arduinobot_ws/build/arduinobot_controller -- -j12 -l12
[0.109s] -- Found ament_cmake: 1.3.8 (/opt/ros/humble/share/ament_cmake/cmake)
[0.580s] Traceback (most recent call last):
[0.580s]   File "/opt/ros/humble/share/ament_cmake_core/cmake/package_templates/templates_2_cmake.py", line 21, in <module>
[0.580s]     from ament_package.templates import get_environment_hook_template_path
[0.580s] ModuleNotFoundError: No module named 'ament_package'
[0.619s] [31mCMake Error at /opt/ros/humble/share/ament_cmake_core/cmake/ament_cmake_package_templates-extras.cmake:41 (message):
[0.619s]   execute_process(/usr/bin/python3
[0.619s] -- Configuring incomplete, errors occurred!
[0.619s] See also "/home/shivam/arduinobot_ws/build/arduinobot_controller/CMakeFiles/CMakeOutput.log".
[0.620s]   /opt/ros/humble/share/ament_cmake_core/cmake/package_templates/templates_2_cmake.py
[0.620s]   /home/shivam/arduinobot_ws/build/arduinobot_controller/ament_cmake_package_templates/templates.cmake)
[0.620s]   returned error code 1
[0.620s] Call Stack (most recent call first):
[0.621s]   /opt/ros/humble/share/ament_cmake_core/cmake/ament_cmake_coreConfig.cmake:41 (include)
[0.621s]   /opt/ros/humble/share/ament_cmake/cmake/ament_cmake_export_dependencies-extras.cmake:15 (find_package)
[0.622s]   /opt/ros/humble/share/ament_cmake/cmake/ament_cmakeConfig.cmake:41 (include)
[0.622s]   CMakeLists.txt:4 (find_package)
[0.622s] 
[0.622s] [0m
[0.623s] gmake: *** [Makefile:336: cmake_check_build_system] Error 1
[0.637s] Invoked command in '/home/shivam/arduinobot_ws/build/arduinobot_controller' returned '2': /usr/bin/cmake --build /home/shivam/arduinobot_ws/build/arduinobot_controller -- -j12 -l12
