[0.037s] Invoking command in '/home/shivam/arduinobot_ws/build/arduinobot_firmware': /usr/bin/cmake --build /home/shivam/arduinobot_ws/build/arduinobot_firmware -- -j12 -l12
[0.114s] -- Found ament_cmake: 1.3.8 (/opt/ros/humble/share/ament_cmake/cmake)
[0.542s] Traceback (most recent call last):
[0.542s]   File "/opt/ros/humble/share/ament_cmake_core/cmake/package_templates/templates_2_cmake.py", line 21, in <module>
[0.542s]     from ament_package.templates import get_environment_hook_template_path
[0.542s] ModuleNotFoundError: No module named 'ament_package'
[0.595s] [31mCMake Error at /opt/ros/humble/share/ament_cmake_core/cmake/ament_cmake_package_templates-extras.cmake:41 (message):
[0.595s]   execute_process(/usr/bin/python3
[0.596s]   /opt/ros/humble/share/ament_cmake_core/cmake/package_templates/templates_2_cmake.py
[0.596s]   /home/shivam/arduinobot_ws/build/arduinobot_firmware/ament_cmake_package_templates/templates.cmake)
[0.596s]   returned error code 1
[0.597s] Call Stack (most recent call first):
[0.597s]   /opt/ros/humble/share/ament_cmake_core/cmake/ament_cmake_coreConfig.cmake:41 (include)
[0.597s]   /opt/ros/humble/share/ament_cmake/cmake/ament_cmake_export_dependencies-extras.cmake:15 (find_package)
[0.598s]   /opt/ros/humble/share/ament_cmake/cmake/ament_cmakeConfig.cmake:41 (include)
[0.598s]   CMakeLists.txt:8 (find_package)
[0.598s] 
[0.598s] [0m
[0.599s] -- Configuring incomplete, errors occurred!
[0.599s] See also "/home/shivam/arduinobot_ws/build/arduinobot_firmware/CMakeFiles/CMakeOutput.log".
[0.611s] gmake: *** [Makefile:336: cmake_check_build_system] Error 1
[0.624s] Invoked command in '/home/shivam/arduinobot_ws/build/arduinobot_firmware' returned '2': /usr/bin/cmake --build /home/shivam/arduinobot_ws/build/arduinobot_firmware -- -j12 -l12
