[0.030s] Invoking command in '/home/shivam/arduinobot_ws/build/arduinobot_bringup': /usr/bin/cmake --build /home/shivam/arduinobot_ws/build/arduinobot_bringup -- -j12 -l12
[0.099s] -- Found ament_cmake: 1.3.8 (/opt/ros/humble/share/ament_cmake/cmake)
[0.571s] Traceback (most recent call last):
[0.572s]   File "/opt/ros/humble/share/ament_cmake_core/cmake/package_templates/templates_2_cmake.py", line 21, in <module>
[0.572s]     from ament_package.templates import get_environment_hook_template_path
[0.572s] ModuleNotFoundError: No module named 'ament_package'
[0.610s] [31mCMake Error at /opt/ros/humble/share/ament_cmake_core/cmake/ament_cmake_package_templates-extras.cmake:41 (message):
[0.610s]   execute_process(/usr/bin/python3
[0.610s]   /opt/ros/humble/share/ament_cmake_core/cmake/package_templates/templates_2_cmake.py
[0.610s]   /home/shivam/arduinobot_ws/build/arduinobot_bringup/ament_cmake_package_templates/templates.cmake)
[0.610s]   returned error code 1
[0.611s] Call Stack (most recent call first):
[0.611s]   /opt/ros/humble/share/ament_cmake_core/cmake/ament_cmake_coreConfig.cmake:41 (include)
[0.611s]   /opt/ros/humble/share/ament_cmake/cmake/ament_cmake_export_dependencies-extras.cmake:15 (find_package)
[0.611s]   /opt/ros/humble/share/ament_cmake/cmake/ament_cmakeConfig.cmake:41 (include)
[0.612s]   CMakeLists.txt:4 (find_package)
[0.612s] 
[0.612s] [0m
[0.619s] gmake: *** [Makefile:226: cmake_check_build_system] Error 1
[0.619s] -- Configuring incomplete, errors occurred!
[0.619s] See also "/home/shivam/arduinobot_ws/build/arduinobot_bringup/CMakeFiles/CMakeOutput.log".
[0.635s] Invoked command in '/home/shivam/arduinobot_ws/build/arduinobot_bringup' returned '2': /usr/bin/cmake --build /home/shivam/arduinobot_ws/build/arduinobot_bringup -- -j12 -l12
