[0.028s] Invoking command in '/home/shivam/arduinobot_ws/build/arduinobot_msgs': /usr/bin/cmake --build /home/shivam/arduinobot_ws/build/arduinobot_msgs -- -j12 -l12
[0.110s] -- Found ament_cmake: 1.3.8 (/opt/ros/humble/share/ament_cmake/cmake)
[0.562s] Traceback (most recent call last):
[0.562s]   File "/opt/ros/humble/share/ament_cmake_core/cmake/package_templates/templates_2_cmake.py", line 21, in <module>
[0.562s]     from ament_package.templates import get_environment_hook_template_path
[0.563s] ModuleNotFoundError: No module named 'ament_package'
[0.608s] [31mCMake Error at /opt/ros/humble/share/ament_cmake_core/cmake/ament_cmake_package_templates-extras.cmake:41 (message):
[0.608s]   execute_process(/usr/bin/python3
[0.608s]   /opt/ros/humble/share/ament_cmake_core/cmake/package_templates/templates_2_cmake.py
[0.608s]   /home/shivam/arduinobot_ws/build/arduinobot_msgs/ament_cmake_package_templates/templates.cmake)
[0.609s]   returned error code 1
[0.609s] Call Stack (most recent call first):
[0.610s]   /opt/ros/humble/share/ament_cmake_core/cmake/ament_cmake_coreConfig.cmake:41 (include)
[0.610s]   /opt/ros/humble/share/ament_cmake/cmake/ament_cmake_export_dependencies-extras.cmake:15 (find_package)
[0.610s]   /opt/ros/humble/share/ament_cmake/cmake/ament_cmakeConfig.cmake:41 (include)
[0.610s]   CMakeLists.txt:8 (find_package)
[0.610s] 
[0.610s] [0m
[0.611s] -- Configuring incomplete, errors occurred!
[0.611s] See also "/home/shivam/arduinobot_ws/build/arduinobot_msgs/CMakeFiles/CMakeOutput.log".
[0.617s] gmake: *** [Makefile:1611: cmake_check_build_system] Error 1
[0.631s] Invoked command in '/home/shivam/arduinobot_ws/build/arduinobot_msgs' returned '2': /usr/bin/cmake --build /home/shivam/arduinobot_ws/build/arduinobot_msgs -- -j12 -l12
