[0.042s] Invoking command in '/home/shivam/arduinobot_ws/build/arduinobot_moveit': /usr/bin/cmake --build /home/shivam/arduinobot_ws/build/arduinobot_moveit -- -j12 -l12
[0.101s] -- Found ament_cmake: 1.3.8 (/opt/ros/humble/share/ament_cmake/cmake)
[0.541s] Traceback (most recent call last):
[0.541s]   File "/opt/ros/humble/share/ament_cmake_core/cmake/package_templates/templates_2_cmake.py", line 21, in <module>
[0.541s]     from ament_package.templates import get_environment_hook_template_path
[0.541s] ModuleNotFoundError: No module named 'ament_package'
[0.594s] -- Configuring incomplete, errors occurred!
[0.594s] See also "/home/shivam/arduinobot_ws/build/arduinobot_moveit/CMakeFiles/CMakeOutput.log".
[0.603s] [31mCMake Error at /opt/ros/humble/share/ament_cmake_core/cmake/ament_cmake_package_templates-extras.cmake:41 (message):
[0.603s]   execute_process(/usr/bin/python3
[0.603s]   /opt/ros/humble/share/ament_cmake_core/cmake/package_templates/templates_2_cmake.py
[0.603s]   /home/shivam/arduinobot_ws/build/arduinobot_moveit/ament_cmake_package_templates/templates.cmake)
[0.603s]   returned error code 1
[0.606s] Call Stack (most recent call first):
[0.606s]   /opt/ros/humble/share/ament_cmake_core/cmake/ament_cmake_coreConfig.cmake:41 (include)
[0.607s]   /opt/ros/humble/share/ament_cmake/cmake/ament_cmake_export_dependencies-extras.cmake:15 (find_package)
[0.607s]   /opt/ros/humble/share/ament_cmake/cmake/ament_cmakeConfig.cmake:41 (include)
[0.608s]   CMakeLists.txt:5 (find_package)
[0.608s] 
[0.608s] [0m
[0.609s] gmake: *** [Makefile:226: cmake_check_build_system] Error 1
[0.615s] Invoked command in '/home/shivam/arduinobot_ws/build/arduinobot_moveit' returned '2': /usr/bin/cmake --build /home/shivam/arduinobot_ws/build/arduinobot_moveit -- -j12 -l12
